This is pdfTeX, Version 3.141592653-2.6-1.40.22 (TeX Live 2022/dev/Debian) (preloaded format=pdflatex 2025.9.28)  20 NOV 2025 16:55
entering extended mode
 restricted \write18 enabled.
 file:line:error style messages enabled.
 %&-line parsing enabled.
**/home/james/University/Communication_Systems/ExperimentalLab2/Experimental_Lab_2_Report.TeX
(/home/james/University/Communication_Systems/ExperimentalLab2/Experimental_Lab_2_Report.TeX
LaTeX2e <2021-11-15> patch level 1
L3 programming layer <2022-01-21> (/usr/share/texlive/texmf-dist/tex/latex/base/article.cls
Document Class: article 2021/10/04 v1.4n Standard LaTeX document class
(/usr/share/texlive/texmf-dist/tex/latex/base/size10.clo
File: size10.clo 2021/10/04 v1.4n Standard LaTeX file (size option)
)
\c@part=\count185
\c@section=\count186
\c@subsection=\count187
\c@subsubsection=\count188
\c@paragraph=\count189
\c@subparagraph=\count190
\c@figure=\count191
\c@table=\count192
\abovecaptionskip=\skip47
\belowcaptionskip=\skip48
\bibindent=\dimen138
) (/usr/share/texlive/texmf-dist/tex/latex/blindtext/blindtext.sty
Package: blindtext 2012/01/06 V2.0 blindtext-Package
 (/usr/share/texlive/texmf-dist/tex/latex/tools/xspace.sty
Package: xspace 2014/10/28 v1.13 Space after command names (DPC,MH)
)
\c@blindtext=\count193
\c@Blindtext=\count194
\c@blind@countparstart=\count195
\blind@countxx=\count196
\blindtext@numBlindtext=\count197
\blind@countyy=\count198
\c@blindlist=\count199
\c@blindlistlevel=\count266
\c@blindlist@level=\count267
\blind@listitem=\count268
\c@blind@listcount=\count269
\c@blind@levelcount=\count270
\blind@mathformula=\count271
\blind@Mathformula=\count272
\c@blind@randomcount=\count273
\c@blind@randommax=\count274
\c@blind@pangramcount=\count275
\c@blind@pangrammax=\count276
) (/usr/share/texlive/texmf-dist/tex/latex/graphics/graphicx.sty
Package: graphicx 2021/09/16 v1.2d Enhanced LaTeX Graphics (DPC,SPQR)
 (/usr/share/texlive/texmf-dist/tex/latex/graphics/keyval.sty
Package: keyval 2014/10/28 v1.15 key=value parser (DPC)
\KV@toks@=\toks16
) (/usr/share/texlive/texmf-dist/tex/latex/graphics/graphics.sty
Package: graphics 2021/03/04 v1.4d Standard LaTeX Graphics (DPC,SPQR)
 (/usr/share/texlive/texmf-dist/tex/latex/graphics/trig.sty
Package: trig 2021/08/11 v1.11 sin cos tan (DPC)
) (/usr/share/texlive/texmf-dist/tex/latex/graphics-cfg/graphics.cfg
File: graphics.cfg 2016/06/04 v1.11 sample graphics configuration
)
Package graphics Info: Driver file: pdftex.def on input line 107.
 (/usr/share/texlive/texmf-dist/tex/latex/graphics-def/pdftex.def
File: pdftex.def 2020/10/05 v1.2a Graphics/color driver for pdftex
))
\Gin@req@height=\dimen139
\Gin@req@width=\dimen140
) (/usr/share/texlive/texmf-dist/tex/latex/geometry/geometry.sty
Package: geometry 2020/01/02 v5.9 Page Geometry
 (/usr/share/texlive/texmf-dist/tex/generic/iftex/ifvtex.sty
Package: ifvtex 2019/10/25 v1.7 ifvtex legacy package. Use iftex instead.
 (/usr/share/texlive/texmf-dist/tex/generic/iftex/iftex.sty
Package: iftex 2020/03/06 v1.0d TeX engine tests
))
\Gm@cnth=\count277
\Gm@cntv=\count278
\c@Gm@tempcnt=\count279
\Gm@bindingoffset=\dimen141
\Gm@wd@mp=\dimen142
\Gm@odd@mp=\dimen143
\Gm@even@mp=\dimen144
\Gm@layoutwidth=\dimen145
\Gm@layoutheight=\dimen146
\Gm@layouthoffset=\dimen147
\Gm@layoutvoffset=\dimen148
\Gm@dimlist=\toks17
) (/usr/share/texlive/texmf-dist/tex/latex/amsmath/amsmath.sty
Package: amsmath 2021/10/15 v2.17l AMS math features
\@mathmargin=\skip49

For additional information on amsmath, use the `?' option.
(/usr/share/texlive/texmf-dist/tex/latex/amsmath/amstext.sty
Package: amstext 2021/08/26 v2.01 AMS text
 (/usr/share/texlive/texmf-dist/tex/latex/amsmath/amsgen.sty
File: amsgen.sty 1999/11/30 v2.0 generic functions
\@emptytoks=\toks18
\ex@=\dimen149
)) (/usr/share/texlive/texmf-dist/tex/latex/amsmath/amsbsy.sty
Package: amsbsy 1999/11/29 v1.2d Bold Symbols
\pmbraise@=\dimen150
) (/usr/share/texlive/texmf-dist/tex/latex/amsmath/amsopn.sty
Package: amsopn 2021/08/26 v2.02 operator names
)
\inf@bad=\count280
LaTeX Info: Redefining \frac on input line 234.
\uproot@=\count281
\leftroot@=\count282
LaTeX Info: Redefining \overline on input line 399.
\classnum@=\count283
\DOTSCASE@=\count284
LaTeX Info: Redefining \ldots on input line 496.
LaTeX Info: Redefining \dots on input line 499.
LaTeX Info: Redefining \cdots on input line 620.
\Mathstrutbox@=\box50
\strutbox@=\box51
\big@size=\dimen151
LaTeX Font Info:    Redeclaring font encoding OML on input line 743.
LaTeX Font Info:    Redeclaring font encoding OMS on input line 744.
\macc@depth=\count285
\c@MaxMatrixCols=\count286
\dotsspace@=\muskip16
\c@parentequation=\count287
\dspbrk@lvl=\count288
\tag@help=\toks19
\row@=\count289
\column@=\count290
\maxfields@=\count291
\andhelp@=\toks20
\eqnshift@=\dimen152
\alignsep@=\dimen153
\tagshift@=\dimen154
\tagwidth@=\dimen155
\totwidth@=\dimen156
\lineht@=\dimen157
\@envbody=\toks21
\multlinegap=\skip50
\multlinetaggap=\skip51
\mathdisplay@stack=\toks22
LaTeX Info: Redefining \[ on input line 2938.
LaTeX Info: Redefining \] on input line 2939.
) (/usr/share/texlive/texmf-dist/tex/latex/caption/subcaption.sty
Package: subcaption 2020/10/07 v1.3j Sub-captions (AR)
 (/usr/share/texlive/texmf-dist/tex/latex/caption/caption.sty
Package: caption 2020/10/26 v3.5g Customizing captions (AR)
 (/usr/share/texlive/texmf-dist/tex/latex/caption/caption3.sty
Package: caption3 2020/10/21 v2.2e caption3 kernel (AR)
\captionmargin=\dimen158
\captionmargin@=\dimen159
\captionwidth=\dimen160
\caption@tempdima=\dimen161
\caption@indent=\dimen162
\caption@parindent=\dimen163
\caption@hangindent=\dimen164
Package caption Info: Standard document class detected.
)
\c@caption@flags=\count292
\c@continuedfloat=\count293
)
\c@subfigure=\count294
\c@subtable=\count295
) (/usr/share/texlive/texmf-dist/tex/latex/adjustbox/adjustbox.sty
Package: adjustbox 2020/08/19 v1.3 Adjusting TeX boxes (trim, clip, ...)
 (/usr/share/texlive/texmf-dist/tex/latex/xkeyval/xkeyval.sty
Package: xkeyval 2020/11/20 v2.8 package option processing (HA)
 (/usr/share/texlive/texmf-dist/tex/generic/xkeyval/xkeyval.tex (/usr/share/texlive/texmf-dist/tex/generic/xkeyval/xkvutils.tex
\XKV@toks=\toks23
\XKV@tempa@toks=\toks24
)
\XKV@depth=\count296
File: xkeyval.tex 2014/12/03 v2.7a key=value parser (HA)
)) (/usr/share/texlive/texmf-dist/tex/latex/adjustbox/adjcalc.sty
Package: adjcalc 2012/05/16 v1.1 Provides advanced setlength with multiple back-ends (calc, etex, pgfmath)
) (/usr/share/texlive/texmf-dist/tex/latex/adjustbox/trimclip.sty
Package: trimclip 2020/08/19 v1.2 Trim and clip general TeX material
 (/usr/share/texlive/texmf-dist/tex/latex/collectbox/collectbox.sty
Package: collectbox 2012/05/17 v0.4b Collect macro arguments as boxes
\collectedbox=\box52
)
\tc@llx=\dimen165
\tc@lly=\dimen166
\tc@urx=\dimen167
\tc@ury=\dimen168
Package trimclip Info: Using driver 'tc-pdftex.def'.
 (/usr/share/texlive/texmf-dist/tex/latex/adjustbox/tc-pdftex.def
File: tc-pdftex.def 2019/01/04 v2.2 Clipping driver for pdftex
))
\adjbox@Width=\dimen169
\adjbox@Height=\dimen170
\adjbox@Depth=\dimen171
\adjbox@Totalheight=\dimen172
\adjbox@pwidth=\dimen173
\adjbox@pheight=\dimen174
\adjbox@pdepth=\dimen175
\adjbox@ptotalheight=\dimen176
 (/usr/share/texlive/texmf-dist/tex/latex/ifoddpage/ifoddpage.sty
Package: ifoddpage 2016/04/23 v1.1 Conditionals for odd/even page detection
\c@checkoddpage=\count297
) (/usr/share/texlive/texmf-dist/tex/latex/varwidth/varwidth.sty
Package: varwidth 2009/03/30 ver 0.92;  Variable-width minipages
\@vwid@box=\box53
\sift@deathcycles=\count298
\@vwid@loff=\dimen177
\@vwid@roff=\dimen178
)) (/usr/share/texlive/texmf-dist/tex/latex/l3backend/l3backend-pdftex.def
File: l3backend-pdftex.def 2022-01-12 L3 backend support: PDF output (pdfTeX)
\l__color_backend_stack_int=\count299
\l__pdf_internal_box=\box54
) (./Experimental_Lab_2_Report.aux)
\openout1 = `Experimental_Lab_2_Report.aux'.

LaTeX Font Info:    Checking defaults for OML/cmm/m/it on input line 14.
LaTeX Font Info:    ... okay on input line 14.
LaTeX Font Info:    Checking defaults for OMS/cmsy/m/n on input line 14.
LaTeX Font Info:    ... okay on input line 14.
LaTeX Font Info:    Checking defaults for OT1/cmr/m/n on input line 14.
LaTeX Font Info:    ... okay on input line 14.
LaTeX Font Info:    Checking defaults for T1/cmr/m/n on input line 14.
LaTeX Font Info:    ... okay on input line 14.
LaTeX Font Info:    Checking defaults for TS1/cmr/m/n on input line 14.
LaTeX Font Info:    ... okay on input line 14.
LaTeX Font Info:    Checking defaults for OMX/cmex/m/n on input line 14.
LaTeX Font Info:    ... okay on input line 14.
LaTeX Font Info:    Checking defaults for U/cmr/m/n on input line 14.
LaTeX Font Info:    ... okay on input line 14.
 (/usr/share/texlive/texmf-dist/tex/context/base/mkii/supp-pdf.mkii
[Loading MPS to PDF converter (version 2006.09.02).]
\scratchcounter=\count300
\scratchdimen=\dimen179
\scratchbox=\box55
\nofMPsegments=\count301
\nofMParguments=\count302
\everyMPshowfont=\toks25
\MPscratchCnt=\count303
\MPscratchDim=\dimen180
\MPnumerator=\count304
\makeMPintoPDFobject=\count305
\everyMPtoPDFconversion=\toks26
) (/usr/share/texlive/texmf-dist/tex/latex/epstopdf-pkg/epstopdf-base.sty
Package: epstopdf-base 2020-01-24 v2.11 Base part for package epstopdf
Package epstopdf-base Info: Redefining graphics rule for `.eps' on input line 485.
 (/usr/share/texlive/texmf-dist/tex/latex/latexconfig/epstopdf-sys.cfg
File: epstopdf-sys.cfg 2010/07/13 v1.3 Configuration of (r)epstopdf for TeX Live
))
*geometry* driver: auto-detecting
*geometry* detected driver: pdftex
*geometry* verbose mode - [ preamble ] result:
* driver: pdftex
* paper: a4paper
* layout: <same size as paper>
* layoutoffset:(h,v)=(0.0pt,0.0pt)
* modes: 
* h-part:(L,W,R)=(72.26999pt, 452.9679pt, 72.26999pt)
* v-part:(T,H,B)=(72.26999pt, 700.50687pt, 72.26999pt)
* \paperwidth=597.50787pt
* \paperheight=845.04684pt
* \textwidth=452.9679pt
* \textheight=700.50687pt
* \oddsidemargin=0.0pt
* \evensidemargin=0.0pt
* \topmargin=-37.0pt
* \headheight=12.0pt
* \headsep=25.0pt
* \topskip=10.0pt
* \footskip=30.0pt
* \marginparwidth=65.0pt
* \marginparsep=11.0pt
* \columnsep=10.0pt
* \skip\footins=9.0pt plus 4.0pt minus 2.0pt
* \hoffset=0.0pt
* \voffset=0.0pt
* \mag=1000
* \@twocolumnfalse
* \@twosidefalse
* \@mparswitchfalse
* \@reversemarginfalse
* (1in=72.27pt=25.4mm, 1cm=28.453pt)

Package caption Info: Begin \AtBeginDocument code.
Package caption Info: End \AtBeginDocument code.
[1

{/var/lib/texmf/fonts/map/pdftex/updmap/pdftex.map}] [1]
<images//scope_1.png, id=13, 803.0pt x 504.88625pt>
File: images//scope_1.png Graphic file (type png)
<use images//scope_1.png>
Package pdftex.def Info: images//scope_1.png  used on input line 112.
(pdftex.def)             Requested size: 217.42265pt x 136.7063pt.
<images//more_jitter_trigger_at_top.png, id=14, 803.0pt x 504.88625pt>
File: images//more_jitter_trigger_at_top.png Graphic file (type png)
<use images//more_jitter_trigger_at_top.png>
Package pdftex.def Info: images//more_jitter_trigger_at_top.png  used on input line 116.
(pdftex.def)             Requested size: 217.42265pt x 136.7063pt.
<images//50Hz.png, id=15, 803.0pt x 504.88625pt>
File: images//50Hz.png Graphic file (type png)
<use images//50Hz.png>
Package pdftex.def Info: images//50Hz.png  used on input line 124.
(pdftex.def)             Requested size: 108.71478pt x 68.34929pt.
<images//100Hz.png, id=16, 803.0pt x 504.88625pt>
File: images//100Hz.png Graphic file (type png)
<use images//100Hz.png>
Package pdftex.def Info: images//100Hz.png  used on input line 127.
(pdftex.def)             Requested size: 108.71478pt x 68.34929pt.
<images//200Hz.png, id=17, 803.0pt x 504.88625pt>
File: images//200Hz.png Graphic file (type png)
<use images//200Hz.png>
Package pdftex.def Info: images//200Hz.png  used on input line 130.
(pdftex.def)             Requested size: 108.71478pt x 68.34929pt.
<images//300Hz.png, id=18, 803.0pt x 504.88625pt>
File: images//300Hz.png Graphic file (type png)
<use images//300Hz.png>
Package pdftex.def Info: images//300Hz.png  used on input line 133.
(pdftex.def)             Requested size: 108.71478pt x 68.34929pt.
<images//6dB.png, id=19, 803.0pt x 504.88625pt>
File: images//6dB.png Graphic file (type png)
<use images//6dB.png>
Package pdftex.def Info: images//6dB.png  used on input line 140.
(pdftex.def)             Requested size: 86.065pt x 54.11243pt.
<images//8dB.png, id=20, 803.0pt x 504.88625pt>
File: images//8dB.png Graphic file (type png)
<use images//8dB.png>
Package pdftex.def Info: images//8dB.png  used on input line 143.
(pdftex.def)             Requested size: 86.065pt x 54.11243pt.
<images//12dB.png, id=21, 803.0pt x 504.88625pt>
File: images//12dB.png Graphic file (type png)
<use images//12dB.png>
Package pdftex.def Info: images//12dB.png  used on input line 146.
(pdftex.def)             Requested size: 86.065pt x 54.11243pt.
<images//18dB.png, id=22, 803.0pt x 504.88625pt>
File: images//18dB.png Graphic file (type png)
<use images//18dB.png>
Package pdftex.def Info: images//18dB.png  used on input line 149.
(pdftex.def)             Requested size: 86.065pt x 54.11243pt.
<images//24dB.png, id=23, 803.0pt x 504.88625pt>
File: images//24dB.png Graphic file (type png)
<use images//24dB.png>
Package pdftex.def Info: images//24dB.png  used on input line 152.
(pdftex.def)             Requested size: 86.065pt x 54.11243pt.
<images//PAM6dB.png, id=24, 803.0pt x 504.88625pt>
File: images//PAM6dB.png Graphic file (type png)
<use images//PAM6dB.png>
Package pdftex.def Info: images//PAM6dB.png  used on input line 159.
(pdftex.def)             Requested size: 86.065pt x 54.11243pt.
<images//PAM8dB.png, id=25, 803.0pt x 504.88625pt>
File: images//PAM8dB.png Graphic file (type png)
<use images//PAM8dB.png>
Package pdftex.def Info: images//PAM8dB.png  used on input line 162.
(pdftex.def)             Requested size: 86.065pt x 54.11243pt.
<images//PAM12dB.png, id=26, 803.0pt x 504.88625pt>
File: images//PAM12dB.png Graphic file (type png)
<use images//PAM12dB.png>
Package pdftex.def Info: images//PAM12dB.png  used on input line 165.
(pdftex.def)             Requested size: 86.065pt x 54.11243pt.
<images//PAM18dB.png, id=27, 803.0pt x 504.88625pt>
File: images//PAM18dB.png Graphic file (type png)
<use images//PAM18dB.png>
Package pdftex.def Info: images//PAM18dB.png  used on input line 168.
(pdftex.def)             Requested size: 86.065pt x 54.11243pt.
<images//PAM24dB.png, id=28, 803.0pt x 504.88625pt>
File: images//PAM24dB.png Graphic file (type png)
<use images//PAM24dB.png>
Package pdftex.def Info: images//PAM24dB.png  used on input line 171.
(pdftex.def)             Requested size: 86.065pt x 54.11243pt.
<images//10MHzBandwidth.png, id=29, 803.0pt x 504.88625pt>
File: images//10MHzBandwidth.png Graphic file (type png)
<use images//10MHzBandwidth.png>
Package pdftex.def Info: images//10MHzBandwidth.png  used on input line 178.
(pdftex.def)             Requested size: 149.48022pt x 93.98029pt.
<images//1MHzBandwidth.png, id=30, 803.0pt x 504.88625pt>
File: images//1MHzBandwidth.png Graphic file (type png)
<use images//1MHzBandwidth.png>
Package pdftex.def Info: images//1MHzBandwidth.png  used on input line 181.
(pdftex.def)             Requested size: 149.48022pt x 93.98029pt.
<images//40kHzBandwidth.png, id=31, 803.0pt x 504.88625pt>
File: images//40kHzBandwidth.png Graphic file (type png)
<use images//40kHzBandwidth.png>
Package pdftex.def Info: images//40kHzBandwidth.png  used on input line 184.
(pdftex.def)             Requested size: 149.48022pt x 93.98029pt.
 [2 <./images//scope_1.png (PNG copy)> <./images//more_jitter_trigger_at_top.png (PNG copy)> <./images//50Hz.png (PNG copy)> <./images//100Hz.png (PNG copy)> <./images//200Hz.png (PNG copy)> <./images//300Hz.png (PNG copy)> <./images//6dB.png (PNG copy)> <./images//8dB.png (PNG copy)> <./images//12dB.png (PNG copy)> <./images//18dB.png (PNG copy)> <./images//24dB.png (PNG copy)> <./images//PAM6dB.png (PNG copy)> <./images//PAM8dB.png (PNG copy)> <./images//PAM12dB.png (PNG copy)> <./images//PAM18dB.png (PNG copy)> <./images//PAM24dB.png (PNG copy)> <./images//10MHzBandwidth.png (PNG copy)> <./images/1MhzBandwidth.png (PNG copy)> <./images//40kHzBandwidth.png (PNG copy)>] (./Experimental_Lab_2_Report.aux) ) 
Here is how much of TeX's memory you used:
 5373 strings out of 480171
 93267 string characters out of 5894489
 388802 words of memory out of 5000000
 23260 multiletter control sequences out of 15000+600000
 474326 words of font info for 46 fonts, out of 8000000 for 9000
 59 hyphenation exceptions out of 8191
 67i,9n,77p,391b,593s stack positions out of 5000i,500n,10000p,200000b,80000s
</usr/share/texlive/texmf-dist/fonts/type1/public/amsfonts/cm/cmbx12.pfb></usr/share/texlive/texmf-dist/fonts/type1/public/amsfonts/cm/cmr10.pfb></usr/share/texlive/texmf-dist/fonts/type1/public/amsfonts/cm/cmr12.pfb></usr/share/texlive/texmf-dist/fonts/type1/public/amsfonts/cm/cmr17.pfb></usr/share/texlive/texmf-dist/fonts/type1/public/amsfonts/cm/cmr9.pfb>
Output written on Experimental_Lab_2_Report.pdf (3 pages, 1203143 bytes).
PDF statistics:
 58 PDF objects out of 1000 (max. 8388607)
 23 compressed objects within 1 object stream
 0 named destinations out of 1000 (max. 500000)
 96 words of extra memory for PDF output out of 10000 (max. 10000000)

